<?xml version="1.0" encoding="utf-8"?><testsuites><testsuite name="pytest" errors="0" failures="0" skipped="0" tests="1" time="0.518" timestamp="2021-06-01T16:41:35.029248" hostname="docker-1"><testcase classname="front-end.tests.test_front_end.TestHome" name="test_home" time="0.063" /></testsuite></testsuites>