<?xml version="1.0" encoding="utf-8"?><testsuites><testsuite name="pytest" errors="0" failures="0" skipped="0" tests="1" time="0.305" timestamp="2021-06-01T16:41:36.740963" hostname="docker-1"><testcase classname="strat_random.tests.test_strat.TestHome" name="test_strat" time="0.026" /></testsuite></testsuites>