<?xml version="1.0" encoding="utf-8"?><testsuites><testsuite name="pytest" errors="0" failures="0" skipped="0" tests="1" time="0.314" timestamp="2021-06-01T16:41:35.999194" hostname="docker-1"><testcase classname="operator_random.tests.test_operator.TestOpp" name="test_operator" time="0.025" /></testsuite></testsuites>